# JRE version: Java(TM) SE Runtime Environment (8.0_91-b14) (build 1.8.0_91-b14)
# Java VM: Java HotSpot(TM) Server VM (25.91-b14 mixed mode linux-x86 )
Heap:
 PSYoungGen      total 17664K, used 17663K [0x9c800000, 0x9da80000, 0xa7000000)
  eden space 16384K, 100% used [0x9c800000,0x9d800000,0x9d800000)
  from space 1280K, 99% used [0x9d940000,0x9da7fde0,0x9da80000)
  to   space 1280K, 99% used [0x9d800000,0x9d93da68,0x9d940000)
 ParOldGen       total 22016K, used 2604K [0x87800000, 0x88d80000, 0x9c800000)
  object space 22016K, 11% used [0x87800000,0x87a8b280,0x88d80000)
 Metaspace       used 6265K, capacity 6466K, committed 6576K, reserved 7472K
GC Heap History (9 events):
Event: 0,550 GC heap before
{Heap before GC invocations=1 (full 0):
 PSYoungGen      total 9472K, used 8192K [0x9c800000, 0x9d280000, 0xa7000000)
  eden space 8192K, 100% used [0x9c800000,0x9d000000,0x9d000000)
  from space 1280K, 0% used [0x9d140000,0x9d140000,0x9d280000)
  to   space 1280K, 0% used [0x9d000000,0x9d000000,0x9d140000)
 ParOldGen       total 22016K, used 0K [0x87800000, 0x88d80000, 0x9c800000)
  object space 22016K, 0% used [0x87800000,0x87800000,0x88d80000)
 Metaspace       used 2443K, capacity 2524K, committed 2584K, reserved 4400K
Event: 0,554 GC heap after
Heap after GC invocations=1 (full 0):
 PSYoungGen      total 9472K, used 1265K [0x9c800000, 0x9d280000, 0xa7000000)
  eden space 8192K, 0% used [0x9c800000,0x9c800000,0x9d000000)
  from space 1280K, 98% used [0x9d000000,0x9d13c550,0x9d140000)
  to   space 1280K, 0% used [0x9d140000,0x9d140000,0x9d280000)
 ParOldGen       total 22016K, used 41K [0x87800000, 0x88d80000, 0x9c800000)
  object space 22016K, 0% used [0x87800000,0x8780a678,0x88d80000)
 Metaspace       used 2443K, capacity 2524K, committed 2584K, reserved 4400K
}
Event: 0,828 GC heap before
{Heap before GC invocations=2 (full 0):
 PSYoungGen      total 9472K, used 9457K [0x9c800000, 0x9d280000, 0xa7000000)
  eden space 8192K, 100% used [0x9c800000,0x9d000000,0x9d000000)
  from space 1280K, 98% used [0x9d000000,0x9d13c550,0x9d140000)
  to   space 1280K, 0% used [0x9d140000,0x9d140000,0x9d280000)
 ParOldGen       total 22016K, used 41K [0x87800000, 0x88d80000, 0x9c800000)
  object space 22016K, 0% used [0x87800000,0x8780a678,0x88d80000)
 Metaspace       used 3563K, capacity 3626K, committed 3736K, reserved 4400K
Event: 0,834 GC heap after
Heap after GC invocations=2 (full 0):
 PSYoungGen      total 9472K, used 1269K [0x9c800000, 0x9da80000, 0xa7000000)
  eden space 8192K, 0% used [0x9c800000,0x9c800000,0x9d000000)
  from space 1280K, 99% used [0x9d140000,0x9d27d698,0x9d280000)
  to   space 1280K, 0% used [0x9d000000,0x9d000000,0x9d140000)
 ParOldGen       total 22016K, used 356K [0x87800000, 0x88d80000, 0x9c800000)
  object space 22016K, 1% used [0x87800000,0x878591b0,0x88d80000)
 Metaspace       used 3563K, capacity 3626K, committed 3736K, reserved 4400K
}
Event: 1,120 GC heap before
{Heap before GC invocations=3 (full 0):
 PSYoungGen      total 9472K, used 9461K [0x9c800000, 0x9da80000, 0xa7000000)
  eden space 8192K, 100% used [0x9c800000,0x9d000000,0x9d000000)
  from space 1280K, 99% used [0x9d140000,0x9d27d698,0x9d280000)
  to   space 1280K, 0% used [0x9d000000,0x9d000000,0x9d140000)
 ParOldGen       total 22016K, used 356K [0x87800000, 0x88d80000, 0x9c800000)
  object space 22016K, 1% used [0x87800000,0x878591b0,0x88d80000)
 Metaspace       used 4641K, capacity 4808K, committed 4912K, reserved 5424K
Event: 1,127 GC heap after
Heap after GC invocations=3 (full 0):
 PSYoungGen      total 9472K, used 1271K [0x9c800000, 0x9da80000, 0xa7000000)
  eden space 8192K, 0% used [0x9c800000,0x9c800000,0x9d000000)
  from space 1280K, 99% used [0x9d000000,0x9d13ddd0,0x9d140000)
  to   space 1280K, 0% used [0x9d940000,0x9d940000,0x9da80000)
 ParOldGen       total 22016K, used 1044K [0x87800000, 0x88d80000, 0x9c800000)
  object space 22016K, 4% used [0x87800000,0x87905270,0x88d80000)
 Metaspace       used 4641K, capacity 4808K, committed 4912K, reserved 5424K
}
Event: 1,311 GC heap before
{Heap before GC invocations=4 (full 0):
 PSYoungGen      total 9472K, used 9463K [0x9c800000, 0x9da80000, 0xa7000000)
  eden space 8192K, 100% used [0x9c800000,0x9d000000,0x9d000000)
  from space 1280K, 99% used [0x9d000000,0x9d13ddd0,0x9d140000)
  to   space 1280K, 0% used [0x9d940000,0x9d940000,0x9da80000)
 ParOldGen       total 22016K, used 1044K [0x87800000, 0x88d80000, 0x9c800000)
  object space 22016K, 4% used [0x87800000,0x87905270,0x88d80000)
 Metaspace       used 5337K, capacity 5564K, committed 5680K, reserved 6448K
Event: 1,318 GC heap after
Heap after GC invocations=4 (full 0):
 PSYoungGen      total 17664K, used 1279K [0x9c800000, 0x9da80000, 0xa7000000)
  eden space 16384K, 0% used [0x9c800000,0x9c800000,0x9d800000)
  from space 1280K, 99% used [0x9d940000,0x9da7fde0,0x9da80000)
  to   space 1280K, 0% used [0x9d800000,0x9d800000,0x9d940000)
 ParOldGen       total 22016K, used 1587K [0x87800000, 0x88d80000, 0x9c800000)
  object space 22016K, 7% used [0x87800000,0x8798cd50,0x88d80000)
 Metaspace       used 5337K, capacity 5564K, committed 5680K, reserved 6448K
}
Event: 1,629 GC heap before
{Heap before GC invocations=5 (full 0):
 PSYoungGen      total 17664K, used 17663K [0x9c800000, 0x9da80000, 0xa7000000)
  eden space 16384K, 100% used [0x9c800000,0x9d800000,0x9d800000)
  from space 1280K, 99% used [0x9d940000,0x9da7fde0,0x9da80000)
  to   space 1280K, 0% used [0x9d800000,0x9d800000,0x9d940000)
 ParOldGen       total 22016K, used 1587K [0x87800000, 0x88d80000, 0x9c800000)
  object space 22016K, 7% used [0x87800000,0x8798cd50,0x88d80000)
 Metaspace       used 6265K, capacity 6466K, committed 6576K, reserved 7472K

