# JRE version: Java(TM) SE Runtime Environment (8.0_91-b14) (build 1.8.0_91-b14)
# Java VM: Java HotSpot(TM) Server VM (25.91-b14 mixed mode linux-x86 )
Heap:
 PSYoungGen      total 67328K, used 61560K [0x9c800000, 0xa1180000, 0xa7000000)
  eden space 63232K, 90% used [0x9c800000,0xa0021cc0,0xa05c0000)
  from space 4096K, 99% used [0xa0b00000,0xa0efc730,0xa0f00000)
  to   space 5376K, 53% used [0xa05c0000,0xa088a840,0xa0b00000)
 ParOldGen       total 22016K, used 6091K [0x87800000, 0x88d80000, 0x9c800000)
  object space 22016K, 27% used [0x87800000,0x87df2eb8,0x88d80000)
 Metaspace       used 15883K, capacity 16377K, committed 16384K, reserved 16688K
GC Heap History (10 events):
Event: 2,263 GC heap after
Heap after GC invocations=4 (full 0):
 PSYoungGen      total 17664K, used 1269K [0x9c800000, 0x9da80000, 0xa7000000)
  eden space 16384K, 0% used [0x9c800000,0x9c800000,0x9d800000)
  from space 1280K, 99% used [0x9d940000,0x9da7d698,0x9da80000)
  to   space 1280K, 0% used [0x9d800000,0x9d800000,0x9d940000)
 ParOldGen       total 22016K, used 1600K [0x87800000, 0x88d80000, 0x9c800000)
  object space 22016K, 7% used [0x87800000,0x87990170,0x88d80000)
 Metaspace       used 5352K, capacity 5564K, committed 5680K, reserved 6448K
}
Event: 2,690 GC heap before
{Heap before GC invocations=5 (full 0):
 PSYoungGen      total 17664K, used 17653K [0x9c800000, 0x9da80000, 0xa7000000)
  eden space 16384K, 100% used [0x9c800000,0x9d800000,0x9d800000)
  from space 1280K, 99% used [0x9d940000,0x9da7d698,0x9da80000)
  to   space 1280K, 0% used [0x9d800000,0x9d800000,0x9d940000)
 ParOldGen       total 22016K, used 1600K [0x87800000, 0x88d80000, 0x9c800000)
  object space 22016K, 7% used [0x87800000,0x87990170,0x88d80000)
 Metaspace       used 6176K, capacity 6399K, committed 6448K, reserved 6448K
Event: 2,699 GC heap after
Heap after GC invocations=5 (full 0):
 PSYoungGen      total 17664K, used 1278K [0x9c800000, 0x9ed00000, 0xa7000000)
  eden space 16384K, 0% used [0x9c800000,0x9c800000,0x9d800000)
  from space 1280K, 99% used [0x9d800000,0x9d93fa78,0x9d940000)
  to   space 2560K, 0% used [0x9ea80000,0x9ea80000,0x9ed00000)
 ParOldGen       total 22016K, used 2604K [0x87800000, 0x88d80000, 0x9c800000)
  object space 22016K, 11% used [0x87800000,0x87a8b1e0,0x88d80000)
 Metaspace       used 6176K, capacity 6399K, committed 6448K, reserved 6448K
}
Event: 3,222 GC heap before
{Heap before GC invocations=6 (full 0):
 PSYoungGen      total 17664K, used 17662K [0x9c800000, 0x9ed00000, 0xa7000000)
  eden space 16384K, 100% used [0x9c800000,0x9d800000,0x9d800000)
  from space 1280K, 99% used [0x9d800000,0x9d93fa78,0x9d940000)
  to   space 2560K, 0% used [0x9ea80000,0x9ea80000,0x9ed00000)
 ParOldGen       total 22016K, used 2604K [0x87800000, 0x88d80000, 0x9c800000)
  object space 22016K, 11% used [0x87800000,0x87a8b1e0,0x88d80000)
 Metaspace       used 7553K, capacity 7833K, committed 7856K, reserved 8496K
Event: 3,242 GC heap after
Heap after GC invocations=6 (full 0):
 PSYoungGen      total 34816K, used 2557K [0x9c800000, 0x9ee00000, 0xa7000000)
  eden space 32256K, 0% used [0x9c800000,0x9c800000,0x9e780000)
  from space 2560K, 99% used [0x9ea80000,0x9ecff650,0x9ed00000)
  to   space 3072K, 0% used [0x9e780000,0x9e780000,0x9ea80000)
 ParOldGen       total 22016K, used 2825K [0x87800000, 0x88d80000, 0x9c800000)
  object space 22016K, 12% used [0x87800000,0x87ac2438,0x88d80000)
 Metaspace       used 7553K, capacity 7833K, committed 7856K, reserved 8496K
}
Event: 4,037 GC heap before
{Heap before GC invocations=7 (full 0):
 PSYoungGen      total 34816K, used 34813K [0x9c800000, 0x9ee00000, 0xa7000000)
  eden space 32256K, 100% used [0x9c800000,0x9e780000,0x9e780000)
  from space 2560K, 99% used [0x9ea80000,0x9ecff650,0x9ed00000)
  to   space 3072K, 0% used [0x9e780000,0x9e780000,0x9ea80000)
 ParOldGen       total 22016K, used 2825K [0x87800000, 0x88d80000, 0x9c800000)
  object space 22016K, 12% used [0x87800000,0x87ac2438,0x88d80000)
 Metaspace       used 9275K, capacity 9640K, committed 9648K, reserved 10544K
Event: 4,057 GC heap after
Heap after GC invocations=7 (full 0):
 PSYoungGen      total 35328K, used 3060K [0x9c800000, 0xa0f00000, 0xa7000000)
  eden space 32256K, 0% used [0x9c800000,0x9c800000,0x9e780000)
  from space 3072K, 99% used [0x9e780000,0x9ea7d200,0x9ea80000)
  to   space 4096K, 0% used [0xa0b00000,0xa0b00000,0xa0f00000)
 ParOldGen       total 22016K, used 4250K [0x87800000, 0x88d80000, 0x9c800000)
  object space 22016K, 19% used [0x87800000,0x87c26a20,0x88d80000)
 Metaspace       used 9275K, capacity 9640K, committed 9648K, reserved 10544K
}
Event: 4,962 GC heap before
{Heap before GC invocations=8 (full 0):
 PSYoungGen      total 35328K, used 35316K [0x9c800000, 0xa0f00000, 0xa7000000)
  eden space 32256K, 100% used [0x9c800000,0x9e780000,0x9e780000)
  from space 3072K, 99% used [0x9e780000,0x9ea7d200,0x9ea80000)
  to   space 4096K, 0% used [0xa0b00000,0xa0b00000,0xa0f00000)
 ParOldGen       total 22016K, used 4250K [0x87800000, 0x88d80000, 0x9c800000)
  object space 22016K, 19% used [0x87800000,0x87c26a20,0x88d80000)
 Metaspace       used 11646K, capacity 12080K, committed 12208K, reserved 12592K
Event: 4,991 GC heap after
Heap after GC invocations=8 (full 0):
 PSYoungGen      total 67328K, used 4081K [0x9c800000, 0xa1180000, 0xa7000000)
  eden space 63232K, 0% used [0x9c800000,0x9c800000,0xa05c0000)
  from space 4096K, 99% used [0xa0b00000,0xa0efc730,0xa0f00000)
  to   space 5376K, 0% used [0xa05c0000,0xa05c0000,0xa0b00000)
 ParOldGen       total 22016K, used 5501K [0x87800000, 0x88d80000, 0x9c800000)
  object space 22016K, 24% used [0x87800000,0x87d5f6b8,0x88d80000)
 Metaspace       used 11646K, capacity 12080K, committed 12208K, reserved 12592K
}
Event: 7,016 GC heap before
{Heap before GC invocations=9 (full 0):
 PSYoungGen      total 67328K, used 61560K [0x9c800000, 0xa1180000, 0xa7000000)
  eden space 63232K, 90% used [0x9c800000,0xa0021cc0,0xa05c0000)
  from space 4096K, 99% used [0xa0b00000,0xa0efc730,0xa0f00000)
  to   space 5376K, 0% used [0xa05c0000,0xa05c0000,0xa0b00000)
 ParOldGen       total 22016K, used 5501K [0x87800000, 0x88d80000, 0x9c800000)
  object space 22016K, 24% used [0x87800000,0x87d5f6b8,0x88d80000)
 Metaspace       used 15883K, capacity 16377K, committed 16384K, reserved 16688K

