# JRE version: Java(TM) SE Runtime Environment (8.0_91-b14) (build 1.8.0_91-b14)
# Java VM: Java HotSpot(TM) Server VM (25.91-b14 mixed mode linux-x86 )
Heap:
 PSYoungGen      total 158208K, used 27233K [0x9c800000, 0xa7000000, 0xa7000000)
  eden space 147456K, 13% used [0x9c800000,0x9db1f640,0xa5800000)
  from space 10752K, 71% used [0xa5800000,0xa5f78e78,0xa6280000)
  to   space 11264K, 0% used [0xa6500000,0xa6500000,0xa7000000)
 ParOldGen       total 41216K, used 28956K [0x87800000, 0x8a040000, 0x9c800000)
  object space 41216K, 70% used [0x87800000,0x89447288,0x8a040000)
 Metaspace       used 34455K, capacity 35614K, committed 35712K, reserved 36144K
GC Heap History (10 events):
Event: 17,204 GC heap before
{Heap before GC invocations=17 (full 2):
 PSYoungGen      total 102656K, used 6389K [0x9c800000, 0xa5c00000, 0xa7000000)
  eden space 96256K, 0% used [0x9c800000,0x9c800000,0xa2600000)
  from space 6400K, 99% used [0xa2600000,0xa2c3d728,0xa2c40000)
  to   space 9216K, 0% used [0xa5300000,0xa5300000,0xa5c00000)
 ParOldGen       total 20736K, used 17588K [0x87800000, 0x88c40000, 0x9c800000)
  object space 20736K, 84% used [0x87800000,0x8892d248,0x88c40000)
 Metaspace       used 23443K, capacity 24190K, committed 24320K, reserved 24880K
Event: 17,422 GC heap after
Heap after GC invocations=17 (full 2):
 PSYoungGen      total 102656K, used 0K [0x9c800000, 0xa5c00000, 0xa7000000)
  eden space 96256K, 0% used [0x9c800000,0x9c800000,0xa2600000)
  from space 6400K, 0% used [0xa2600000,0xa2600000,0xa2c40000)
  to   space 9216K, 0% used [0xa5300000,0xa5300000,0xa5c00000)
 ParOldGen       total 41216K, used 20037K [0x87800000, 0x8a040000, 0x9c800000)
  object space 41216K, 48% used [0x87800000,0x88b917a0,0x8a040000)
 Metaspace       used 23443K, capacity 24190K, committed 24320K, reserved 24880K
}
Event: 19,683 GC heap before
{Heap before GC invocations=18 (full 2):
 PSYoungGen      total 102656K, used 96256K [0x9c800000, 0xa5c00000, 0xa7000000)
  eden space 96256K, 100% used [0x9c800000,0xa2600000,0xa2600000)
  from space 6400K, 0% used [0xa2600000,0xa2600000,0xa2c40000)
  to   space 9216K, 0% used [0xa5300000,0xa5300000,0xa5c00000)
 ParOldGen       total 41216K, used 20037K [0x87800000, 0x8a040000, 0x9c800000)
  object space 41216K, 48% used [0x87800000,0x88b917a0,0x8a040000)
 Metaspace       used 24641K, capacity 25538K, committed 25600K, reserved 25904K
Event: 19,714 GC heap after
Heap after GC invocations=18 (full 2):
 PSYoungGen      total 129792K, used 5706K [0x9c800000, 0xa58c0000, 0xa7000000)
  eden space 123904K, 0% used [0x9c800000,0x9c800000,0xa4100000)
  from space 5888K, 96% used [0xa5300000,0xa58928b8,0xa58c0000)
  to   space 9472K, 0% used [0xa4640000,0xa4640000,0xa4f80000)
 ParOldGen       total 41216K, used 20041K [0x87800000, 0x8a040000, 0x9c800000)
  object space 41216K, 48% used [0x87800000,0x88b927a0,0x8a040000)
 Metaspace       used 24641K, capacity 25538K, committed 25600K, reserved 25904K
}
Event: 22,738 GC heap before
{Heap before GC invocations=19 (full 2):
 PSYoungGen      total 129792K, used 129610K [0x9c800000, 0xa58c0000, 0xa7000000)
  eden space 123904K, 100% used [0x9c800000,0xa4100000,0xa4100000)
  from space 5888K, 96% used [0xa5300000,0xa58928b8,0xa58c0000)
  to   space 9472K, 0% used [0xa4640000,0xa4640000,0xa4f80000)
 ParOldGen       total 41216K, used 20041K [0x87800000, 0x8a040000, 0x9c800000)
  object space 41216K, 48% used [0x87800000,0x88b927a0,0x8a040000)
 Metaspace       used 28735K, capacity 29678K, committed 29824K, reserved 30000K
Event: 22,786 GC heap after
Heap after GC invocations=19 (full 2):
 PSYoungGen      total 138752K, used 9468K [0x9c800000, 0xa6d00000, 0xa7000000)
  eden space 129280K, 0% used [0x9c800000,0x9c800000,0xa4640000)
  from space 9472K, 99% used [0xa4640000,0xa4f7f1c8,0xa4f80000)
  to   space 10752K, 0% used [0xa6280000,0xa6280000,0xa6d00000)
 ParOldGen       total 41216K, used 20115K [0x87800000, 0x8a040000, 0x9c800000)
  object space 41216K, 48% used [0x87800000,0x88ba4e60,0x8a040000)
 Metaspace       used 28735K, capacity 29678K, committed 29824K, reserved 30000K
}
Event: 25,414 GC heap before
{Heap before GC invocations=20 (full 2):
 PSYoungGen      total 138752K, used 138748K [0x9c800000, 0xa6d00000, 0xa7000000)
  eden space 129280K, 100% used [0x9c800000,0xa4640000,0xa4640000)
  from space 9472K, 99% used [0xa4640000,0xa4f7f1c8,0xa4f80000)
  to   space 10752K, 0% used [0xa6280000,0xa6280000,0xa6d00000)
 ParOldGen       total 41216K, used 20115K [0x87800000, 0x8a040000, 0x9c800000)
  object space 41216K, 48% used [0x87800000,0x88ba4e60,0x8a040000)
 Metaspace       used 30559K, capacity 31656K, committed 31744K, reserved 32048K
Event: 25,480 GC heap after
Heap after GC invocations=20 (full 2):
 PSYoungGen      total 158208K, used 6056K [0x9c800000, 0xa7000000, 0xa7000000)
  eden space 147456K, 0% used [0x9c800000,0x9c800000,0xa5800000)
  from space 10752K, 56% used [0xa6280000,0xa686a3f0,0xa6d00000)
  to   space 10752K, 0% used [0xa5800000,0xa5800000,0xa6280000)
 ParOldGen       total 41216K, used 26188K [0x87800000, 0x8a040000, 0x9c800000)
  object space 41216K, 63% used [0x87800000,0x89193150,0x8a040000)
 Metaspace       used 30559K, capacity 31656K, committed 31744K, reserved 32048K
}
Event: 32,675 GC heap before
{Heap before GC invocations=21 (full 2):
 PSYoungGen      total 158208K, used 153512K [0x9c800000, 0xa7000000, 0xa7000000)
  eden space 147456K, 100% used [0x9c800000,0xa5800000,0xa5800000)
  from space 10752K, 56% used [0xa6280000,0xa686a3f0,0xa6d00000)
  to   space 10752K, 0% used [0xa5800000,0xa5800000,0xa6280000)
 ParOldGen       total 41216K, used 26188K [0x87800000, 0x8a040000, 0x9c800000)
  object space 41216K, 63% used [0x87800000,0x89193150,0x8a040000)
 Metaspace       used 33991K, capacity 35163K, committed 35200K, reserved 36144K
Event: 32,719 GC heap after
Heap after GC invocations=21 (full 2):
 PSYoungGen      total 158208K, used 7651K [0x9c800000, 0xa7000000, 0xa7000000)
  eden space 147456K, 0% used [0x9c800000,0x9c800000,0xa5800000)
  from space 10752K, 71% used [0xa5800000,0xa5f78e78,0xa6280000)
  to   space 11264K, 0% used [0xa6500000,0xa6500000,0xa7000000)
 ParOldGen       total 41216K, used 28956K [0x87800000, 0x8a040000, 0x9c800000)
  object space 41216K, 70% used [0x87800000,0x89447288,0x8a040000)
 Metaspace       used 33991K, capacity 35163K, committed 35200K, reserved 36144K
}

