# JRE version: Java(TM) SE Runtime Environment (8.0_91-b14) (build 1.8.0_91-b14)
# Java VM: Java HotSpot(TM) Server VM (25.91-b14 mixed mode linux-x86 )
Heap:
 PSYoungGen      total 17664K, used 17663K [0x9c800000, 0x9ea80000, 0xa7000000)
  eden space 16384K, 100% used [0x9c800000,0x9d800000,0x9d800000)
  from space 1280K, 99% used [0x9d800000,0x9d93fe00,0x9d940000)
  to   space 1280K, 99% used [0x9e940000,0x9ea7fa98,0x9ea80000)
 ParOldGen       total 22016K, used 1641K [0x87800000, 0x88d80000, 0x9c800000)
  object space 22016K, 7% used [0x87800000,0x8799b6e8,0x88d80000)
 Metaspace       used 6154K, capacity 6367K, committed 6424K, reserved 6448K
GC Heap History (7 events):
Event: 0,555 GC heap before
{Heap before GC invocations=1 (full 0):
 PSYoungGen      total 9472K, used 8192K [0x9c800000, 0x9d280000, 0xa7000000)
  eden space 8192K, 100% used [0x9c800000,0x9d000000,0x9d000000)
  from space 1280K, 0% used [0x9d140000,0x9d140000,0x9d280000)
  to   space 1280K, 0% used [0x9d000000,0x9d000000,0x9d140000)
 ParOldGen       total 22016K, used 0K [0x87800000, 0x88d80000, 0x9c800000)
  object space 22016K, 0% used [0x87800000,0x87800000,0x88d80000)
 Metaspace       used 2437K, capacity 2524K, committed 2584K, reserved 4400K
Event: 0,561 GC heap after
Heap after GC invocations=1 (full 0):
 PSYoungGen      total 9472K, used 1265K [0x9c800000, 0x9da80000, 0xa7000000)
  eden space 8192K, 0% used [0x9c800000,0x9c800000,0x9d000000)
  from space 1280K, 98% used [0x9d000000,0x9d13c570,0x9d140000)
  to   space 1280K, 0% used [0x9d940000,0x9d940000,0x9da80000)
 ParOldGen       total 22016K, used 42K [0x87800000, 0x88d80000, 0x9c800000)
  object space 22016K, 0% used [0x87800000,0x8780a960,0x88d80000)
 Metaspace       used 2437K, capacity 2524K, committed 2584K, reserved 4400K
}
Event: 0,867 GC heap before
{Heap before GC invocations=2 (full 0):
 PSYoungGen      total 9472K, used 9457K [0x9c800000, 0x9da80000, 0xa7000000)
  eden space 8192K, 100% used [0x9c800000,0x9d000000,0x9d000000)
  from space 1280K, 98% used [0x9d000000,0x9d13c570,0x9d140000)
  to   space 1280K, 0% used [0x9d940000,0x9d940000,0x9da80000)
 ParOldGen       total 22016K, used 42K [0x87800000, 0x88d80000, 0x9c800000)
  object space 22016K, 0% used [0x87800000,0x8780a960,0x88d80000)
 Metaspace       used 3571K, capacity 3626K, committed 3736K, reserved 4400K
Event: 0,872 GC heap after
Heap after GC invocations=2 (full 0):
 PSYoungGen      total 17664K, used 1279K [0x9c800000, 0x9da80000, 0xa7000000)
  eden space 16384K, 0% used [0x9c800000,0x9c800000,0x9d800000)
  from space 1280K, 99% used [0x9d940000,0x9da7fde0,0x9da80000)
  to   space 1280K, 0% used [0x9d800000,0x9d800000,0x9d940000)
 ParOldGen       total 22016K, used 357K [0x87800000, 0x88d80000, 0x9c800000)
  object space 22016K, 1% used [0x87800000,0x87859498,0x88d80000)
 Metaspace       used 3571K, capacity 3626K, committed 3736K, reserved 4400K
}
Event: 1,326 GC heap before
{Heap before GC invocations=3 (full 0):
 PSYoungGen      total 17664K, used 17663K [0x9c800000, 0x9da80000, 0xa7000000)
  eden space 16384K, 100% used [0x9c800000,0x9d800000,0x9d800000)
  from space 1280K, 99% used [0x9d940000,0x9da7fde0,0x9da80000)
  to   space 1280K, 0% used [0x9d800000,0x9d800000,0x9d940000)
 ParOldGen       total 22016K, used 357K [0x87800000, 0x88d80000, 0x9c800000)
  object space 22016K, 1% used [0x87800000,0x87859498,0x88d80000)
 Metaspace       used 5336K, capacity 5564K, committed 5656K, reserved 6448K
Event: 1,336 GC heap after
Heap after GC invocations=3 (full 0):
 PSYoungGen      total 17664K, used 1279K [0x9c800000, 0x9ea80000, 0xa7000000)
  eden space 16384K, 0% used [0x9c800000,0x9c800000,0x9d800000)
  from space 1280K, 99% used [0x9d800000,0x9d93fe00,0x9d940000)
  to   space 1280K, 0% used [0x9e940000,0x9e940000,0x9ea80000)
 ParOldGen       total 22016K, used 1589K [0x87800000, 0x88d80000, 0x9c800000)
  object space 22016K, 7% used [0x87800000,0x8798d6e8,0x88d80000)
 Metaspace       used 5336K, capacity 5564K, committed 5656K, reserved 6448K
}
Event: 1,645 GC heap before
{Heap before GC invocations=4 (full 0):
 PSYoungGen      total 17664K, used 17663K [0x9c800000, 0x9ea80000, 0xa7000000)
  eden space 16384K, 100% used [0x9c800000,0x9d800000,0x9d800000)
  from space 1280K, 99% used [0x9d800000,0x9d93fe00,0x9d940000)
  to   space 1280K, 0% used [0x9e940000,0x9e940000,0x9ea80000)
 ParOldGen       total 22016K, used 1589K [0x87800000, 0x88d80000, 0x9c800000)
  object space 22016K, 7% used [0x87800000,0x8798d6e8,0x88d80000)
 Metaspace       used 6154K, capacity 6367K, committed 6424K, reserved 6448K

