# JRE version: Java(TM) SE Runtime Environment (8.0_91-b14) (build 1.8.0_91-b14)
# Java VM: Java HotSpot(TM) Server VM (25.91-b14 mixed mode linux-x86 )
Heap:
 PSYoungGen      total 34304K, used 34297K [0x9c800000, 0x9f400000, 0xa7000000)
  eden space 30464K, 100% used [0x9c800000,0x9e5c0000,0x9e5c0000)
  from space 3840K, 99% used [0x9ebc0000,0x9ef7e6c8,0x9ef80000)
  to   space 6144K, 69% used [0x9e5c0000,0x9e9e4ac8,0x9ebc0000)
 ParOldGen       total 22016K, used 9283K [0x87800000, 0x88d80000, 0x9c800000)
  object space 22016K, 42% used [0x87800000,0x88110f50,0x88d80000)
 Metaspace       used 12722K, capacity 13203K, committed 13208K, reserved 13616K
GC Heap History (10 events):
Event: 1,443 GC heap after
Heap after GC invocations=2 (full 0):
 PSYoungGen      total 9472K, used 1267K [0x9c800000, 0x9da80000, 0xa7000000)
  eden space 8192K, 0% used [0x9c800000,0x9c800000,0x9d000000)
  from space 1280K, 98% used [0x9d140000,0x9d27cc20,0x9d280000)
  to   space 1280K, 0% used [0x9d000000,0x9d000000,0x9d140000)
 ParOldGen       total 22016K, used 1221K [0x87800000, 0x88d80000, 0x9c800000)
  object space 22016K, 5% used [0x87800000,0x879317c8,0x88d80000)
 Metaspace       used 4872K, capacity 5055K, committed 5144K, reserved 5424K
}
Event: 2,184 GC heap before
{Heap before GC invocations=3 (full 0):
 PSYoungGen      total 9472K, used 9459K [0x9c800000, 0x9da80000, 0xa7000000)
  eden space 8192K, 100% used [0x9c800000,0x9d000000,0x9d000000)
  from space 1280K, 98% used [0x9d140000,0x9d27cc20,0x9d280000)
  to   space 1280K, 0% used [0x9d000000,0x9d000000,0x9d140000)
 ParOldGen       total 22016K, used 1224K [0x87800000, 0x88d80000, 0x9c800000)
  object space 22016K, 5% used [0x87800000,0x879323a0,0x88d80000)
 Metaspace       used 5843K, capacity 6065K, committed 6168K, reserved 6448K
Event: 2,193 GC heap after
Heap after GC invocations=3 (full 0):
 PSYoungGen      total 9472K, used 1269K [0x9c800000, 0x9da80000, 0xa7000000)
  eden space 8192K, 0% used [0x9c800000,0x9c800000,0x9d000000)
  from space 1280K, 99% used [0x9d000000,0x9d13d448,0x9d140000)
  to   space 1280K, 0% used [0x9d940000,0x9d940000,0x9da80000)
 ParOldGen       total 22016K, used 2192K [0x87800000, 0x88d80000, 0x9c800000)
  object space 22016K, 9% used [0x87800000,0x87a243b8,0x88d80000)
 Metaspace       used 5843K, capacity 6065K, committed 6168K, reserved 6448K
}
Event: 3,253 GC heap before
{Heap before GC invocations=4 (full 0):
 PSYoungGen      total 9472K, used 9461K [0x9c800000, 0x9da80000, 0xa7000000)
  eden space 8192K, 100% used [0x9c800000,0x9d000000,0x9d000000)
  from space 1280K, 99% used [0x9d000000,0x9d13d448,0x9d140000)
  to   space 1280K, 0% used [0x9d940000,0x9d940000,0x9da80000)
 ParOldGen       total 22016K, used 2203K [0x87800000, 0x88d80000, 0x9c800000)
  object space 22016K, 10% used [0x87800000,0x87a26c90,0x88d80000)
 Metaspace       used 7292K, capacity 7598K, committed 7704K, reserved 8496K
Event: 3,264 GC heap after
Heap after GC invocations=4 (full 0):
 PSYoungGen      total 17664K, used 1274K [0x9c800000, 0x9da80000, 0xa7000000)
  eden space 16384K, 0% used [0x9c800000,0x9c800000,0x9d800000)
  from space 1280K, 99% used [0x9d940000,0x9da7e8c8,0x9da80000)
  to   space 1280K, 0% used [0x9d800000,0x9d800000,0x9d940000)
 ParOldGen       total 22016K, used 3526K [0x87800000, 0x88d80000, 0x9c800000)
  object space 22016K, 16% used [0x87800000,0x87b71a98,0x88d80000)
 Metaspace       used 7292K, capacity 7598K, committed 7704K, reserved 8496K
}
Event: 4,218 GC heap before
{Heap before GC invocations=5 (full 0):
 PSYoungGen      total 17664K, used 17658K [0x9c800000, 0x9da80000, 0xa7000000)
  eden space 16384K, 100% used [0x9c800000,0x9d800000,0x9d800000)
  from space 1280K, 99% used [0x9d940000,0x9da7e8c8,0x9da80000)
  to   space 1280K, 0% used [0x9d800000,0x9d800000,0x9d940000)
 ParOldGen       total 22016K, used 3526K [0x87800000, 0x88d80000, 0x9c800000)
  object space 22016K, 16% used [0x87800000,0x87b71a98,0x88d80000)
 Metaspace       used 8910K, capacity 9253K, committed 9368K, reserved 9520K
Event: 4,229 GC heap after
Heap after GC invocations=5 (full 0):
 PSYoungGen      total 17664K, used 1273K [0x9c800000, 0x9ef80000, 0xa7000000)
  eden space 16384K, 0% used [0x9c800000,0x9c800000,0x9d800000)
  from space 1280K, 99% used [0x9d800000,0x9d93e420,0x9d940000)
  to   space 3840K, 0% used [0x9ebc0000,0x9ebc0000,0x9ef80000)
 ParOldGen       total 22016K, used 5830K [0x87800000, 0x88d80000, 0x9c800000)
  object space 22016K, 26% used [0x87800000,0x87db1998,0x88d80000)
 Metaspace       used 8910K, capacity 9253K, committed 9368K, reserved 9520K
}
Event: 5,058 GC heap before
{Heap before GC invocations=6 (full 0):
 PSYoungGen      total 17664K, used 17657K [0x9c800000, 0x9ef80000, 0xa7000000)
  eden space 16384K, 100% used [0x9c800000,0x9d800000,0x9d800000)
  from space 1280K, 99% used [0x9d800000,0x9d93e420,0x9d940000)
  to   space 3840K, 0% used [0x9ebc0000,0x9ebc0000,0x9ef80000)
 ParOldGen       total 22016K, used 5830K [0x87800000, 0x88d80000, 0x9c800000)
  object space 22016K, 26% used [0x87800000,0x87db1998,0x88d80000)
 Metaspace       used 10502K, capacity 10864K, committed 10904K, reserved 11568K
Event: 5,081 GC heap after
Heap after GC invocations=6 (full 0):
 PSYoungGen      total 34304K, used 3833K [0x9c800000, 0x9f400000, 0xa7000000)
  eden space 30464K, 0% used [0x9c800000,0x9c800000,0x9e5c0000)
  from space 3840K, 99% used [0x9ebc0000,0x9ef7e6c8,0x9ef80000)
  to   space 6144K, 0% used [0x9e5c0000,0x9e5c0000,0x9ebc0000)
 ParOldGen       total 22016K, used 8661K [0x87800000, 0x88d80000, 0x9c800000)
  object space 22016K, 39% used [0x87800000,0x88075720,0x88d80000)
 Metaspace       used 10502K, capacity 10864K, committed 10904K, reserved 11568K
}
Event: 7,283 GC heap before
{Heap before GC invocations=7 (full 0):
 PSYoungGen      total 34304K, used 34297K [0x9c800000, 0x9f400000, 0xa7000000)
  eden space 30464K, 100% used [0x9c800000,0x9e5c0000,0x9e5c0000)
  from space 3840K, 99% used [0x9ebc0000,0x9ef7e6c8,0x9ef80000)
  to   space 6144K, 0% used [0x9e5c0000,0x9e5c0000,0x9ebc0000)
 ParOldGen       total 22016K, used 8661K [0x87800000, 0x88d80000, 0x9c800000)
  object space 22016K, 39% used [0x87800000,0x88075720,0x88d80000)
 Metaspace       used 12722K, capacity 13203K, committed 13208K, reserved 13616K

