# JRE version: Java(TM) SE Runtime Environment (8.0_91-b14) (build 1.8.0_91-b14)
# Java VM: Java HotSpot(TM) Server VM (25.91-b14 mixed mode linux-x86 )
Heap:
 PSYoungGen      total 73216K, used 6592K [0x9c800000, 0xa5880000, 0xa7000000)
  eden space 65536K, 0% used [0x9c800000,0x9c800000,0xa0800000)
  from space 7680K, 85% used [0xa0800000,0xa0e700a0,0xa0f80000)
  to   space 8448K, 0% used [0xa5040000,0xa5040000,0xa5880000)
 ParOldGen       total 22016K, used 13621K [0x87800000, 0x88d80000, 0x9c800000)
  object space 22016K, 61% used [0x87800000,0x8854d440,0x88d80000)
 Metaspace       used 15829K, capacity 16357K, committed 16384K, reserved 16688K
GC Heap History (10 events):
Event: 1,711 GC heap after
Heap after GC invocations=3 (full 0):
 PSYoungGen      total 17664K, used 1269K [0x9c800000, 0x9ea80000, 0xa7000000)
  eden space 16384K, 0% used [0x9c800000,0x9c800000,0x9d800000)
  from space 1280K, 99% used [0x9d800000,0x9d93d7c8,0x9d940000)
  to   space 1280K, 0% used [0x9e940000,0x9e940000,0x9ea80000)
 ParOldGen       total 22016K, used 3452K [0x87800000, 0x88d80000, 0x9c800000)
  object space 22016K, 15% used [0x87800000,0x87b5f1e0,0x88d80000)
 Metaspace       used 7126K, capacity 7429K, committed 7448K, reserved 7472K
}
Event: 2,080 GC heap before
{Heap before GC invocations=4 (full 0):
 PSYoungGen      total 17664K, used 17653K [0x9c800000, 0x9ea80000, 0xa7000000)
  eden space 16384K, 100% used [0x9c800000,0x9d800000,0x9d800000)
  from space 1280K, 99% used [0x9d800000,0x9d93d7c8,0x9d940000)
  to   space 1280K, 0% used [0x9e940000,0x9e940000,0x9ea80000)
 ParOldGen       total 22016K, used 3452K [0x87800000, 0x88d80000, 0x9c800000)
  object space 22016K, 15% used [0x87800000,0x87b5f1e0,0x88d80000)
 Metaspace       used 8850K, capacity 9153K, committed 9240K, reserved 9520K
Event: 2,091 GC heap after
Heap after GC invocations=4 (full 0):
 PSYoungGen      total 34048K, used 1268K [0x9c800000, 0x9ea80000, 0xa7000000)
  eden space 32768K, 0% used [0x9c800000,0x9c800000,0x9e800000)
  from space 1280K, 99% used [0x9e940000,0x9ea7d010,0x9ea80000)
  to   space 1280K, 0% used [0x9e800000,0x9e800000,0x9e940000)
 ParOldGen       total 22016K, used 5722K [0x87800000, 0x88d80000, 0x9c800000)
  object space 22016K, 25% used [0x87800000,0x87d96868,0x88d80000)
 Metaspace       used 8850K, capacity 9153K, committed 9240K, reserved 9520K
}
Event: 3,001 GC heap before
{Heap before GC invocations=5 (full 0):
 PSYoungGen      total 34048K, used 34036K [0x9c800000, 0x9ea80000, 0xa7000000)
  eden space 32768K, 100% used [0x9c800000,0x9e800000,0x9e800000)
  from space 1280K, 99% used [0x9e940000,0x9ea7d010,0x9ea80000)
  to   space 1280K, 0% used [0x9e800000,0x9e800000,0x9e940000)
 ParOldGen       total 22016K, used 5722K [0x87800000, 0x88d80000, 0x9c800000)
  object space 22016K, 25% used [0x87800000,0x87d96868,0x88d80000)
 Metaspace       used 11941K, capacity 12383K, committed 12440K, reserved 12592K
Event: 3,031 GC heap after
Heap after GC invocations=5 (full 0):
 PSYoungGen      total 34048K, used 1278K [0x9c800000, 0xa1800000, 0xa7000000)
  eden space 32768K, 0% used [0x9c800000,0x9c800000,0x9e800000)
  from space 1280K, 99% used [0x9e800000,0x9e93f820,0x9e940000)
  to   space 8192K, 0% used [0xa1000000,0xa1000000,0xa1800000)
 ParOldGen       total 22016K, used 13192K [0x87800000, 0x88d80000, 0x9c800000)
  object space 22016K, 59% used [0x87800000,0x884e2030,0x88d80000)
 Metaspace       used 11941K, capacity 12383K, committed 12440K, reserved 12592K
}
Event: 4,541 GC heap before
{Heap before GC invocations=6 (full 0):
 PSYoungGen      total 34048K, used 34046K [0x9c800000, 0xa1800000, 0xa7000000)
  eden space 32768K, 100% used [0x9c800000,0x9e800000,0x9e800000)
  from space 1280K, 99% used [0x9e800000,0x9e93f820,0x9e940000)
  to   space 8192K, 0% used [0xa1000000,0xa1000000,0xa1800000)
 ParOldGen       total 22016K, used 13192K [0x87800000, 0x88d80000, 0x9c800000)
  object space 22016K, 59% used [0x87800000,0x884e2030,0x88d80000)
 Metaspace       used 13821K, capacity 14300K, committed 14360K, reserved 14640K
Event: 4,562 GC heap after
Heap after GC invocations=6 (full 0):
 PSYoungGen      total 72704K, used 3878K [0x9c800000, 0xa1700000, 0xa7000000)
  eden space 65536K, 0% used [0x9c800000,0x9c800000,0xa0800000)
  from space 7168K, 54% used [0xa1000000,0xa13c9a10,0xa1700000)
  to   space 7680K, 0% used [0xa0800000,0xa0800000,0xa0f80000)
 ParOldGen       total 22016K, used 13196K [0x87800000, 0x88d80000, 0x9c800000)
  object space 22016K, 59% used [0x87800000,0x884e3030,0x88d80000)
 Metaspace       used 13821K, capacity 14300K, committed 14360K, reserved 14640K
}
Event: 7,106 GC heap before
{Heap before GC invocations=7 (full 0):
 PSYoungGen      total 72704K, used 68309K [0x9c800000, 0xa1700000, 0xa7000000)
  eden space 65536K, 98% used [0x9c800000,0xa06ebb00,0xa0800000)
  from space 7168K, 54% used [0xa1000000,0xa13c9a10,0xa1700000)
  to   space 7680K, 0% used [0xa0800000,0xa0800000,0xa0f80000)
 ParOldGen       total 22016K, used 13196K [0x87800000, 0x88d80000, 0x9c800000)
  object space 22016K, 59% used [0x87800000,0x884e3030,0x88d80000)
 Metaspace       used 15829K, capacity 16357K, committed 16384K, reserved 16688K
Event: 7,146 GC heap after
Heap after GC invocations=7 (full 0):
 PSYoungGen      total 73216K, used 6592K [0x9c800000, 0xa5880000, 0xa7000000)
  eden space 65536K, 0% used [0x9c800000,0x9c800000,0xa0800000)
  from space 7680K, 85% used [0xa0800000,0xa0e700a0,0xa0f80000)
  to   space 8448K, 0% used [0xa5040000,0xa5040000,0xa5880000)
 ParOldGen       total 22016K, used 13621K [0x87800000, 0x88d80000, 0x9c800000)
  object space 22016K, 61% used [0x87800000,0x8854d440,0x88d80000)
 Metaspace       used 15829K, capacity 16357K, committed 16384K, reserved 16688K
}
Event: 7,146 GC heap before
{Heap before GC invocations=8 (full 1):
 PSYoungGen      total 73216K, used 6592K [0x9c800000, 0xa5880000, 0xa7000000)
  eden space 65536K, 0% used [0x9c800000,0x9c800000,0xa0800000)
  from space 7680K, 85% used [0xa0800000,0xa0e700a0,0xa0f80000)
  to   space 8448K, 0% used [0xa5040000,0xa5040000,0xa5880000)
 ParOldGen       total 22016K, used 13621K [0x87800000, 0x88d80000, 0x9c800000)
  object space 22016K, 61% used [0x87800000,0x8854d440,0x88d80000)
 Metaspace       used 15829K, capacity 16357K, committed 16384K, reserved 16688K

